<?xml version="1.0" encoding="UTF-8"?>
<!-- Generated by org.testng.reporters.JUnitXMLReporter -->
<testsuite ignored="0" hostname="LAPTOP-EDNQF8JN" failures="0" tests="3" name="Sprint2 test in chrome" time="70.155" errors="0" timestamp="2023-01-21T13:27:04 CST">
  <testcase classname="FacebookTestNG.Sprint1_Facebook" name="SignUp" time="22.006"/>
  <testcase classname="FacebookTestNG.Sprint1_Facebook" name="SignUp" time="21.6"/>
  <testcase classname="FacebookTestNG.Sprint1_Facebook" name="SignUp" time="21.524"/>
</testsuite> <!-- Sprint2 test in chrome -->
