<?xml version="1.0" encoding="UTF-8"?>
<!-- Generated by org.testng.reporters.JUnitXMLReporter -->
<testsuite ignored="0" hostname="LAPTOP-EDNQF8JN" failures="1" tests="1" name="Sprint2 test in edge" time="4.668" errors="0" timestamp="2023-01-18T01:13:52 CST">
  <testcase classname="FacebookTestNG.Sprint2_Facebook" name="signUpInvalidcredentials" time="0.0">
    <failure type="org.testng.TestNGException" message="
Method public void FacebookTestNG.Sprint2_Facebook.signUpInvalidcredentials(java.lang.String,java.lang.String) throws java.lang.InterruptedException requires a @DataProvider named :  signUpDataCollection">
      <![CDATA[org.testng.TestNGException: 
Method public void FacebookTestNG.Sprint2_Facebook.signUpInvalidcredentials(java.lang.String,java.lang.String) throws java.lang.InterruptedException requires a @DataProvider named :  signUpDataCollection
at java.base/java.util.ArrayList.forEach(ArrayList.java:1511)
... Removed 24 stack frames]]>
    </failure>
  </testcase> <!-- signUpInvalidcredentials -->
</testsuite> <!-- Sprint2 test in edge -->
