<?xml version="1.0" encoding="UTF-8"?>
<!-- Generated by org.testng.reporters.JUnitXMLReporter -->
<testsuite ignored="0" hostname="LAPTOP-EDNQF8JN" failures="0" tests="5" name="Sprint2 test in chrome" time="89.997" errors="0" timestamp="2023-01-18T02:00:12 CST">
  <testcase classname="FacebookTestNG.Sprint2_Facebook" name="signUpInvalidcredentials" time="20.95"/>
  <testcase classname="FacebookTestNG.Sprint2_Facebook" name="signUpInvalidcredentials" time="15.785"/>
  <testcase classname="FacebookTestNG.Sprint2_Facebook" name="signUpInvalidcredentials" time="14.798"/>
  <testcase classname="FacebookTestNG.Sprint2_Facebook" name="signUpInvalidcredentials" time="16.136"/>
  <testcase classname="FacebookTestNG.Sprint2_Facebook" name="signUpInvalidcredentials" time="18.592"/>
</testsuite> <!-- Sprint2 test in chrome -->
