<?xml version="1.0" encoding="UTF-8"?>
<testng-results ignored="0" total="5" passed="5" failed="0" skipped="0">
  <reporter-output>
  </reporter-output>
  <suite started-at="2023-01-18T01:58:42 CST" name="Suite" finished-at="2023-01-18T02:00:12 CST" duration-ms="89997">
    <groups>
    </groups>
    <test started-at="2023-01-18T01:58:42 CST" name="Sprint2 test in chrome" finished-at="2023-01-18T02:00:12 CST" duration-ms="89997">
      <class name="FacebookTestNG.Sprint2_Facebook">
        <test-method is-config="true" signature="browserInitialization(java.lang.String,java.lang.String)[pri:0, instance:FacebookTestNG.Sprint2_Facebook@4803b726]" started-at="2023-01-18T01:58:42 CST" name="browserInitialization" finished-at="2023-01-18T01:58:45 CST" duration-ms="2791" status="PASS">
          <params>
            <param index="0">
              <value>
                <![CDATA[chrome]]>
              </value>
            </param>
            <param index="1">
              <value>
                <![CDATA[https://www.facebook.com]]>
              </value>
            </param>
          </params>
          <reporter-output>
          </reporter-output>
        </test-method> <!-- browserInitialization -->
        <test-method signature="signUpInvalidcredentials(java.lang.String,java.lang.String)[pri:0, instance:FacebookTestNG.Sprint2_Facebook@4803b726]" started-at="2023-01-18T01:58:45 CST" name="signUpInvalidcredentials" data-provider="signUpDataCollection" finished-at="2023-01-18T01:59:06 CST" duration-ms="20950" status="PASS">
          <params>
            <param index="0">
              <value>
                <![CDATA[abc345@gmail.com]]>
              </value>
            </param>
            <param index="1">
              <value>
                <![CDATA[wer1234]]>
              </value>
            </param>
          </params>
          <reporter-output>
          </reporter-output>
        </test-method> <!-- signUpInvalidcredentials -->
        <test-method is-config="true" signature="afterMethod()[pri:0, instance:FacebookTestNG.Sprint2_Facebook@4803b726]" started-at="2023-01-18T01:59:06 CST" name="afterMethod" finished-at="2023-01-18T01:59:06 CST" duration-ms="151" status="PASS">
          <reporter-output>
          </reporter-output>
        </test-method> <!-- afterMethod -->
        <test-method signature="signUpInvalidcredentials(java.lang.String,java.lang.String)[pri:0, instance:FacebookTestNG.Sprint2_Facebook@4803b726]" started-at="2023-01-18T01:59:06 CST" name="signUpInvalidcredentials" data-provider="signUpDataCollection" finished-at="2023-01-18T01:59:22 CST" duration-ms="15785" status="PASS">
          <params>
            <param index="0">
              <value>
                <![CDATA[hulip90@gmail.com]]>
              </value>
            </param>
            <param index="1">
              <value>
                <![CDATA[b789200!]]>
              </value>
            </param>
          </params>
          <reporter-output>
          </reporter-output>
        </test-method> <!-- signUpInvalidcredentials -->
        <test-method is-config="true" signature="afterMethod()[pri:0, instance:FacebookTestNG.Sprint2_Facebook@4803b726]" started-at="2023-01-18T01:59:22 CST" name="afterMethod" finished-at="2023-01-18T01:59:22 CST" duration-ms="161" status="PASS">
          <reporter-output>
          </reporter-output>
        </test-method> <!-- afterMethod -->
        <test-method signature="signUpInvalidcredentials(java.lang.String,java.lang.String)[pri:0, instance:FacebookTestNG.Sprint2_Facebook@4803b726]" started-at="2023-01-18T01:59:22 CST" name="signUpInvalidcredentials" data-provider="signUpDataCollection" finished-at="2023-01-18T01:59:37 CST" duration-ms="14798" status="PASS">
          <params>
            <param index="0">
              <value>
                <![CDATA[]]>
              </value>
            </param>
            <param index="1">
              <value>
                <![CDATA[abcry67]]>
              </value>
            </param>
          </params>
          <reporter-output>
          </reporter-output>
        </test-method> <!-- signUpInvalidcredentials -->
        <test-method is-config="true" signature="afterMethod()[pri:0, instance:FacebookTestNG.Sprint2_Facebook@4803b726]" started-at="2023-01-18T01:59:37 CST" name="afterMethod" finished-at="2023-01-18T01:59:37 CST" duration-ms="163" status="PASS">
          <reporter-output>
          </reporter-output>
        </test-method> <!-- afterMethod -->
        <test-method signature="signUpInvalidcredentials(java.lang.String,java.lang.String)[pri:0, instance:FacebookTestNG.Sprint2_Facebook@4803b726]" started-at="2023-01-18T01:59:37 CST" name="signUpInvalidcredentials" data-provider="signUpDataCollection" finished-at="2023-01-18T01:59:53 CST" duration-ms="16136" status="PASS">
          <params>
            <param index="0">
              <value>
                <![CDATA[hulip90@gmail.com]]>
              </value>
            </param>
            <param index="1">
              <value>
                <![CDATA[]]>
              </value>
            </param>
          </params>
          <reporter-output>
          </reporter-output>
        </test-method> <!-- signUpInvalidcredentials -->
        <test-method is-config="true" signature="afterMethod()[pri:0, instance:FacebookTestNG.Sprint2_Facebook@4803b726]" started-at="2023-01-18T01:59:53 CST" name="afterMethod" finished-at="2023-01-18T01:59:53 CST" duration-ms="144" status="PASS">
          <reporter-output>
          </reporter-output>
        </test-method> <!-- afterMethod -->
        <test-method signature="signUpInvalidcredentials(java.lang.String,java.lang.String)[pri:0, instance:FacebookTestNG.Sprint2_Facebook@4803b726]" started-at="2023-01-18T01:59:53 CST" name="signUpInvalidcredentials" data-provider="signUpDataCollection" finished-at="2023-01-18T02:00:12 CST" duration-ms="18592" status="PASS">
          <params>
            <param index="0">
              <value>
                <![CDATA[abhy]]>
              </value>
            </param>
            <param index="1">
              <value>
                <![CDATA[123adcyt]]>
              </value>
            </param>
          </params>
          <reporter-output>
          </reporter-output>
        </test-method> <!-- signUpInvalidcredentials -->
        <test-method is-config="true" signature="afterMethod()[pri:0, instance:FacebookTestNG.Sprint2_Facebook@4803b726]" started-at="2023-01-18T02:00:12 CST" name="afterMethod" finished-at="2023-01-18T02:00:12 CST" duration-ms="146" status="PASS">
          <reporter-output>
          </reporter-output>
        </test-method> <!-- afterMethod -->
        <test-method is-config="true" signature="afterClass()[pri:0, instance:FacebookTestNG.Sprint2_Facebook@4803b726]" started-at="2023-01-18T02:00:12 CST" name="afterClass" finished-at="2023-01-18T02:00:12 CST" duration-ms="136" status="PASS">
          <reporter-output>
          </reporter-output>
        </test-method> <!-- afterClass -->
      </class> <!-- FacebookTestNG.Sprint2_Facebook -->
    </test> <!-- Sprint2 test in chrome -->
  </suite> <!-- Suite -->
</testng-results>
