<?xml version="1.0" encoding="UTF-8"?>
<testng-results ignored="0" total="3" passed="3" failed="0" skipped="0">
  <reporter-output>
  </reporter-output>
  <suite started-at="2023-01-21T13:25:54 CST" name="Suite" finished-at="2023-01-21T13:27:04 CST" duration-ms="70155">
    <groups>
    </groups>
    <test started-at="2023-01-21T13:25:54 CST" name="Sprint2 test in chrome" finished-at="2023-01-21T13:27:04 CST" duration-ms="70155">
      <class name="FacebookTestNG.Sprint1_Facebook">
        <test-method is-config="true" signature="browserInitialization(java.lang.String,java.lang.String)[pri:0, instance:FacebookTestNG.Sprint1_Facebook@71a8adcf]" started-at="2023-01-21T13:25:54 CST" name="browserInitialization" finished-at="2023-01-21T13:25:58 CST" duration-ms="3879" status="PASS">
          <params>
            <param index="0">
              <value>
                <![CDATA[chrome]]>
              </value>
            </param>
            <param index="1">
              <value>
                <![CDATA[https://www.facebook.com]]>
              </value>
            </param>
          </params>
          <reporter-output>
          </reporter-output>
        </test-method> <!-- browserInitialization -->
        <test-method signature="SignUp(java.lang.String,java.lang.String,java.lang.String,java.lang.String)[pri:0, instance:FacebookTestNG.Sprint1_Facebook@71a8adcf]" started-at="2023-01-21T13:25:59 CST" name="SignUp" data-provider="Signup" finished-at="2023-01-21T13:26:21 CST" duration-ms="22006" status="PASS">
          <params>
            <param index="0">
              <value>
                <![CDATA[Milo]]>
              </value>
            </param>
            <param index="1">
              <value>
                <![CDATA[hull]]>
              </value>
            </param>
            <param index="2">
              <value>
                <![CDATA[hull@gmail]]>
              </value>
            </param>
            <param index="3">
              <value>
                <![CDATA[tyuuoo]]>
              </value>
            </param>
          </params>
          <reporter-output>
          </reporter-output>
        </test-method> <!-- SignUp -->
        <test-method is-config="true" signature="afterMethod()[pri:0, instance:FacebookTestNG.Sprint1_Facebook@71a8adcf]" started-at="2023-01-21T13:26:21 CST" name="afterMethod" finished-at="2023-01-21T13:26:21 CST" duration-ms="242" status="PASS">
          <reporter-output>
          </reporter-output>
        </test-method> <!-- afterMethod -->
        <test-method signature="SignUp(java.lang.String,java.lang.String,java.lang.String,java.lang.String)[pri:0, instance:FacebookTestNG.Sprint1_Facebook@71a8adcf]" started-at="2023-01-21T13:26:21 CST" name="SignUp" data-provider="Signup" finished-at="2023-01-21T13:26:42 CST" duration-ms="21600" status="PASS">
          <params>
            <param index="0">
              <value>
                <![CDATA[Tinku]]>
              </value>
            </param>
            <param index="1">
              <value>
                <![CDATA[kell]]>
              </value>
            </param>
            <param index="2">
              <value>
                <![CDATA[kell@gmail]]>
              </value>
            </param>
            <param index="3">
              <value>
                <![CDATA[uysys]]>
              </value>
            </param>
          </params>
          <reporter-output>
          </reporter-output>
        </test-method> <!-- SignUp -->
        <test-method is-config="true" signature="afterMethod()[pri:0, instance:FacebookTestNG.Sprint1_Facebook@71a8adcf]" started-at="2023-01-21T13:26:42 CST" name="afterMethod" finished-at="2023-01-21T13:26:43 CST" duration-ms="186" status="PASS">
          <reporter-output>
          </reporter-output>
        </test-method> <!-- afterMethod -->
        <test-method signature="SignUp(java.lang.String,java.lang.String,java.lang.String,java.lang.String)[pri:0, instance:FacebookTestNG.Sprint1_Facebook@71a8adcf]" started-at="2023-01-21T13:26:43 CST" name="SignUp" data-provider="Signup" finished-at="2023-01-21T13:27:04 CST" duration-ms="21524" status="PASS">
          <params>
            <param index="0">
              <value>
                <![CDATA[Pinku]]>
              </value>
            </param>
            <param index="1">
              <value>
                <![CDATA[jello]]>
              </value>
            </param>
            <param index="2">
              <value>
                <![CDATA[jello@gmail]]>
              </value>
            </param>
            <param index="3">
              <value>
                <![CDATA[syiudieh]]>
              </value>
            </param>
          </params>
          <reporter-output>
          </reporter-output>
        </test-method> <!-- SignUp -->
        <test-method is-config="true" signature="afterMethod()[pri:0, instance:FacebookTestNG.Sprint1_Facebook@71a8adcf]" started-at="2023-01-21T13:27:04 CST" name="afterMethod" finished-at="2023-01-21T13:27:04 CST" duration-ms="181" status="PASS">
          <reporter-output>
          </reporter-output>
        </test-method> <!-- afterMethod -->
        <test-method is-config="true" signature="tearDown()[pri:0, instance:FacebookTestNG.Sprint1_Facebook@71a8adcf]" started-at="2023-01-21T13:27:04 CST" name="tearDown" finished-at="2023-01-21T13:27:04 CST" duration-ms="0" status="PASS">
          <reporter-output>
          </reporter-output>
        </test-method> <!-- tearDown -->
      </class> <!-- FacebookTestNG.Sprint1_Facebook -->
    </test> <!-- Sprint2 test in chrome -->
  </suite> <!-- Suite -->
</testng-results>
